{"/Users/luismorenomarin/Documents/alphav2/src/layouts/app/Default/index.js": {"path":"/Users/luismorenomarin/Documents/alphav2/src/layouts/app/Default/index.js","statementMap":{"0":{"start":{"line":12,"column":31},"end":{"line":31,"column":1}},"1":{"start":{"line":13,"column":4},"end":{"line":30,"column":5}},"2":{"start":{"line":33,"column":0},"end":{"line":35,"column":1}},"3":{"start":{"line":37,"column":24},"end":{"line":40,"column":1}},"4":{"start":{"line":38,"column":4},"end":{"line":39,"column":5}},"5":{"start":{"line":42,"column":27},"end":{"line":45,"column":1}},"6":{"start":{"line":43,"column":1},"end":{"line":44,"column":2}},"7":{"start":{"line":47,"column":29},"end":{"line":47,"column":109}}},"fnMap":{"0":{"name":"(anonymous_0)","decl":{"start":{"line":12,"column":31},"end":{"line":12,"column":32}},"loc":{"start":{"line":12,"column":42},"end":{"line":31,"column":1}},"line":12},"1":{"name":"(anonymous_1)","decl":{"start":{"line":37,"column":24},"end":{"line":37,"column":25}},"loc":{"start":{"line":37,"column":35},"end":{"line":40,"column":1}},"line":37},"2":{"name":"(anonymous_2)","decl":{"start":{"line":42,"column":27},"end":{"line":42,"column":28}},"loc":{"start":{"line":42,"column":41},"end":{"line":45,"column":1}},"line":42}},"branchMap":{},"s":{"0":1,"1":1,"2":1,"3":1,"4":1,"5":1,"6":1,"7":1},"f":{"0":1,"1":1,"2":1},"b":{},"_coverageSchema":"1a1c01bbd47fc00a2c39e90264f33305004495a9","hash":"1fb84c90cda4646c2031067d94fb18ac579be279"}
,"/Users/luismorenomarin/Documents/alphav2/src/layouts/app/components/NavBar/index.js": {"path":"/Users/luismorenomarin/Documents/alphav2/src/layouts/app/components/NavBar/index.js","statementMap":{"0":{"start":{"line":16,"column":24},"end":{"line":37,"column":1}},"1":{"start":{"line":18,"column":26},"end":{"line":20,"column":5}},"2":{"start":{"line":19,"column":8},"end":{"line":19,"column":45}},"3":{"start":{"line":22,"column":4},"end":{"line":36,"column":5}},"4":{"start":{"line":31,"column":47},"end":{"line":31,"column":62}},"5":{"start":{"line":39,"column":0},"end":{"line":42,"column":1}},"6":{"start":{"line":44,"column":24},"end":{"line":49,"column":1}},"7":{"start":{"line":45,"column":26},"end":{"line":45,"column":31}},"8":{"start":{"line":46,"column":4},"end":{"line":48,"column":5}},"9":{"start":{"line":51,"column":27},"end":{"line":55,"column":1}},"10":{"start":{"line":52,"column":1},"end":{"line":54,"column":2}},"11":{"start":{"line":53,"column":32},"end":{"line":53,"column":62}},"12":{"start":{"line":57,"column":22},"end":{"line":57,"column":95}}},"fnMap":{"0":{"name":"(anonymous_0)","decl":{"start":{"line":16,"column":24},"end":{"line":16,"column":25}},"loc":{"start":{"line":16,"column":35},"end":{"line":37,"column":1}},"line":16},"1":{"name":"(anonymous_1)","decl":{"start":{"line":18,"column":26},"end":{"line":18,"column":27}},"loc":{"start":{"line":18,"column":32},"end":{"line":20,"column":5}},"line":18},"2":{"name":"(anonymous_2)","decl":{"start":{"line":31,"column":41},"end":{"line":31,"column":42}},"loc":{"start":{"line":31,"column":47},"end":{"line":31,"column":62}},"line":31},"3":{"name":"(anonymous_3)","decl":{"start":{"line":44,"column":24},"end":{"line":44,"column":25}},"loc":{"start":{"line":44,"column":35},"end":{"line":49,"column":1}},"line":44},"4":{"name":"(anonymous_4)","decl":{"start":{"line":51,"column":27},"end":{"line":51,"column":28}},"loc":{"start":{"line":51,"column":41},"end":{"line":55,"column":1}},"line":51},"5":{"name":"(anonymous_5)","decl":{"start":{"line":53,"column":23},"end":{"line":53,"column":24}},"loc":{"start":{"line":53,"column":32},"end":{"line":53,"column":62}},"line":53}},"branchMap":{"0":{"loc":{"start":{"line":28,"column":17},"end":{"line":33,"column":17}},"type":"binary-expr","locations":[{"start":{"line":28,"column":17},"end":{"line":28,"column":32}},{"start":{"line":29,"column":20},"end":{"line":32,"column":23}}],"line":28}},"s":{"0":2,"1":6,"2":1,"3":6,"4":1,"5":2,"6":2,"7":6,"8":6,"9":2,"10":5,"11":1,"12":2},"f":{"0":6,"1":1,"2":1,"3":6,"4":5,"5":1},"b":{"0":[6,2]},"_coverageSchema":"1a1c01bbd47fc00a2c39e90264f33305004495a9","hash":"df79fc99181185baeda29f1528352ac7e35bbf84"}
,"/Users/luismorenomarin/Documents/alphav2/src/pages/Error/index.js": {"path":"/Users/luismorenomarin/Documents/alphav2/src/pages/Error/index.js","statementMap":{"0":{"start":{"line":14,"column":14},"end":{"line":32,"column":1}},"1":{"start":{"line":16,"column":4},"end":{"line":31,"column":5}},"2":{"start":{"line":34,"column":0},"end":{"line":35,"column":1}},"3":{"start":{"line":37,"column":24},"end":{"line":40,"column":1}},"4":{"start":{"line":38,"column":4},"end":{"line":39,"column":5}},"5":{"start":{"line":42,"column":27},"end":{"line":44,"column":1}},"6":{"start":{"line":43,"column":4},"end":{"line":43,"column":13}}},"fnMap":{"0":{"name":"(anonymous_0)","decl":{"start":{"line":14,"column":14},"end":{"line":14,"column":15}},"loc":{"start":{"line":14,"column":25},"end":{"line":32,"column":1}},"line":14},"1":{"name":"(anonymous_1)","decl":{"start":{"line":37,"column":24},"end":{"line":37,"column":25}},"loc":{"start":{"line":37,"column":35},"end":{"line":40,"column":1}},"line":37},"2":{"name":"(anonymous_2)","decl":{"start":{"line":42,"column":27},"end":{"line":42,"column":28}},"loc":{"start":{"line":42,"column":41},"end":{"line":44,"column":1}},"line":42}},"branchMap":{},"s":{"0":1,"1":1,"2":1,"3":1,"4":1,"5":1,"6":1},"f":{"0":1,"1":1,"2":1},"b":{},"_coverageSchema":"1a1c01bbd47fc00a2c39e90264f33305004495a9","hash":"0c9c69e1521865a45f31d969102b6039828b1e8d"}
,"/Users/luismorenomarin/Documents/alphav2/src/pages/First/index.js": {"path":"/Users/luismorenomarin/Documents/alphav2/src/pages/First/index.js","statementMap":{"0":{"start":{"line":17,"column":14},"end":{"line":42,"column":1}},"1":{"start":{"line":19,"column":25},"end":{"line":21,"column":5}},"2":{"start":{"line":20,"column":8},"end":{"line":20,"column":45}},"3":{"start":{"line":23,"column":4},"end":{"line":41,"column":5}},"4":{"start":{"line":34,"column":47},"end":{"line":34,"column":61}},"5":{"start":{"line":44,"column":0},"end":{"line":47,"column":1}},"6":{"start":{"line":49,"column":24},"end":{"line":54,"column":1}},"7":{"start":{"line":50,"column":29},"end":{"line":50,"column":34}},"8":{"start":{"line":51,"column":4},"end":{"line":53,"column":5}},"9":{"start":{"line":56,"column":27},"end":{"line":60,"column":1}},"10":{"start":{"line":57,"column":4},"end":{"line":59,"column":5}},"11":{"start":{"line":58,"column":32},"end":{"line":58,"column":62}}},"fnMap":{"0":{"name":"(anonymous_0)","decl":{"start":{"line":17,"column":14},"end":{"line":17,"column":15}},"loc":{"start":{"line":17,"column":25},"end":{"line":42,"column":1}},"line":17},"1":{"name":"(anonymous_1)","decl":{"start":{"line":19,"column":25},"end":{"line":19,"column":26}},"loc":{"start":{"line":19,"column":31},"end":{"line":21,"column":5}},"line":19},"2":{"name":"(anonymous_2)","decl":{"start":{"line":34,"column":41},"end":{"line":34,"column":42}},"loc":{"start":{"line":34,"column":47},"end":{"line":34,"column":61}},"line":34},"3":{"name":"(anonymous_3)","decl":{"start":{"line":49,"column":24},"end":{"line":49,"column":25}},"loc":{"start":{"line":49,"column":35},"end":{"line":54,"column":1}},"line":49},"4":{"name":"(anonymous_4)","decl":{"start":{"line":56,"column":27},"end":{"line":56,"column":28}},"loc":{"start":{"line":56,"column":41},"end":{"line":60,"column":1}},"line":56},"5":{"name":"(anonymous_5)","decl":{"start":{"line":58,"column":23},"end":{"line":58,"column":24}},"loc":{"start":{"line":58,"column":32},"end":{"line":58,"column":62}},"line":58}},"branchMap":{"0":{"loc":{"start":{"line":35,"column":29},"end":{"line":35,"column":78}},"type":"cond-expr","locations":[{"start":{"line":35,"column":47},"end":{"line":35,"column":63}},{"start":{"line":35,"column":66},"end":{"line":35,"column":78}}],"line":35}},"s":{"0":1,"1":5,"2":2,"3":5,"4":2,"5":1,"6":1,"7":5,"8":5,"9":1,"10":3,"11":2},"f":{"0":5,"1":2,"2":2,"3":5,"4":3,"5":2},"b":{"0":[2,3]},"_coverageSchema":"1a1c01bbd47fc00a2c39e90264f33305004495a9","hash":"a9f0094e01380773aa936009650aeca942912e24"}
,"/Users/luismorenomarin/Documents/alphav2/src/pages/Reserved/index.js": {"path":"/Users/luismorenomarin/Documents/alphav2/src/pages/Reserved/index.js","statementMap":{"0":{"start":{"line":17,"column":17},"end":{"line":49,"column":1}},"1":{"start":{"line":19,"column":4},"end":{"line":21,"column":10}},"2":{"start":{"line":20,"column":8},"end":{"line":20,"column":32}},"3":{"start":{"line":23,"column":4},"end":{"line":48,"column":5}},"4":{"start":{"line":51,"column":0},"end":{"line":54,"column":1}},"5":{"start":{"line":56,"column":24},"end":{"line":61,"column":1}},"6":{"start":{"line":57,"column":30},"end":{"line":57,"column":35}},"7":{"start":{"line":58,"column":4},"end":{"line":60,"column":5}},"8":{"start":{"line":63,"column":27},"end":{"line":67,"column":1}},"9":{"start":{"line":64,"column":4},"end":{"line":66,"column":5}},"10":{"start":{"line":65,"column":32},"end":{"line":65,"column":60}}},"fnMap":{"0":{"name":"(anonymous_0)","decl":{"start":{"line":17,"column":17},"end":{"line":17,"column":18}},"loc":{"start":{"line":17,"column":28},"end":{"line":49,"column":1}},"line":17},"1":{"name":"(anonymous_1)","decl":{"start":{"line":19,"column":14},"end":{"line":19,"column":15}},"loc":{"start":{"line":19,"column":20},"end":{"line":21,"column":5}},"line":19},"2":{"name":"(anonymous_2)","decl":{"start":{"line":56,"column":24},"end":{"line":56,"column":25}},"loc":{"start":{"line":56,"column":35},"end":{"line":61,"column":1}},"line":56},"3":{"name":"(anonymous_3)","decl":{"start":{"line":63,"column":27},"end":{"line":63,"column":28}},"loc":{"start":{"line":63,"column":41},"end":{"line":67,"column":1}},"line":63},"4":{"name":"(anonymous_4)","decl":{"start":{"line":65,"column":26},"end":{"line":65,"column":27}},"loc":{"start":{"line":65,"column":32},"end":{"line":65,"column":60}},"line":65}},"branchMap":{"0":{"loc":{"start":{"line":33,"column":25},"end":{"line":35,"column":25}},"type":"binary-expr","locations":[{"start":{"line":33,"column":25},"end":{"line":33,"column":49}},{"start":{"line":34,"column":28},"end":{"line":34,"column":50}}],"line":33},"1":{"loc":{"start":{"line":36,"column":25},"end":{"line":40,"column":25}},"type":"binary-expr","locations":[{"start":{"line":36,"column":25},"end":{"line":36,"column":44}},{"start":{"line":37,"column":28},"end":{"line":39,"column":34}}],"line":36},"2":{"loc":{"start":{"line":41,"column":25},"end":{"line":43,"column":25}},"type":"binary-expr","locations":[{"start":{"line":41,"column":25},"end":{"line":41,"column":50}},{"start":{"line":42,"column":28},"end":{"line":42,"column":98}}],"line":41}},"s":{"0":1,"1":10,"2":3,"3":10,"4":1,"5":1,"6":10,"7":10,"8":1,"9":3,"10":4},"f":{"0":10,"1":3,"2":10,"3":3,"4":4},"b":{"0":[10,4],"1":[10,4],"2":[10,6]},"_coverageSchema":"1a1c01bbd47fc00a2c39e90264f33305004495a9","hash":"14cbe9d3973e95d7a56d40f5b0b48a1c35bb11e3"}
,"/Users/luismorenomarin/Documents/alphav2/src/pages/Second/index.js": {"path":"/Users/luismorenomarin/Documents/alphav2/src/pages/Second/index.js","statementMap":{"0":{"start":{"line":14,"column":15},"end":{"line":32,"column":1}},"1":{"start":{"line":16,"column":4},"end":{"line":31,"column":5}},"2":{"start":{"line":34,"column":0},"end":{"line":35,"column":1}},"3":{"start":{"line":37,"column":24},"end":{"line":40,"column":1}},"4":{"start":{"line":38,"column":4},"end":{"line":39,"column":5}},"5":{"start":{"line":42,"column":27},"end":{"line":44,"column":1}},"6":{"start":{"line":43,"column":4},"end":{"line":43,"column":13}}},"fnMap":{"0":{"name":"(anonymous_0)","decl":{"start":{"line":14,"column":15},"end":{"line":14,"column":16}},"loc":{"start":{"line":14,"column":26},"end":{"line":32,"column":1}},"line":14},"1":{"name":"(anonymous_1)","decl":{"start":{"line":37,"column":24},"end":{"line":37,"column":25}},"loc":{"start":{"line":37,"column":35},"end":{"line":40,"column":1}},"line":37},"2":{"name":"(anonymous_2)","decl":{"start":{"line":42,"column":27},"end":{"line":42,"column":28}},"loc":{"start":{"line":42,"column":41},"end":{"line":44,"column":1}},"line":42}},"branchMap":{},"s":{"0":1,"1":1,"2":1,"3":1,"4":1,"5":1,"6":1},"f":{"0":1,"1":1,"2":1},"b":{},"_coverageSchema":"1a1c01bbd47fc00a2c39e90264f33305004495a9","hash":"c245fa344d305924720ed1bbf1308e4cccd8e2c8"}
,"/Users/luismorenomarin/Documents/alphav2/src/routes/components/BasicRoute/index.js": {"path":"/Users/luismorenomarin/Documents/alphav2/src/routes/components/BasicRoute/index.js","statementMap":{"0":{"start":{"line":10,"column":28},"end":{"line":15,"column":1}},"1":{"start":{"line":12,"column":4},"end":{"line":14,"column":5}},"2":{"start":{"line":17,"column":0},"end":{"line":23,"column":1}},"3":{"start":{"line":25,"column":24},"end":{"line":28,"column":1}},"4":{"start":{"line":26,"column":1},"end":{"line":27,"column":2}},"5":{"start":{"line":30,"column":27},"end":{"line":33,"column":1}},"6":{"start":{"line":31,"column":4},"end":{"line":32,"column":5}},"7":{"start":{"line":35,"column":26},"end":{"line":35,"column":103}}},"fnMap":{"0":{"name":"(anonymous_0)","decl":{"start":{"line":10,"column":28},"end":{"line":10,"column":29}},"loc":{"start":{"line":10,"column":66},"end":{"line":15,"column":1}},"line":10},"1":{"name":"(anonymous_1)","decl":{"start":{"line":25,"column":24},"end":{"line":25,"column":25}},"loc":{"start":{"line":25,"column":35},"end":{"line":28,"column":1}},"line":25},"2":{"name":"(anonymous_2)","decl":{"start":{"line":30,"column":27},"end":{"line":30,"column":28}},"loc":{"start":{"line":30,"column":41},"end":{"line":33,"column":1}},"line":30}},"branchMap":{},"s":{"0":1,"1":3,"2":1,"3":1,"4":3,"5":1,"6":3,"7":1},"f":{"0":3,"1":3,"2":3},"b":{},"_coverageSchema":"1a1c01bbd47fc00a2c39e90264f33305004495a9","hash":"20b29449a19441dd6b999903414851ef52bdb716"}
,"/Users/luismorenomarin/Documents/alphav2/src/routes/components/PrivateRoute/index.js": {"path":"/Users/luismorenomarin/Documents/alphav2/src/routes/components/PrivateRoute/index.js","statementMap":{"0":{"start":{"line":9,"column":30},"end":{"line":20,"column":1}},"1":{"start":{"line":12,"column":4},"end":{"line":15,"column":5}},"2":{"start":{"line":14,"column":8},"end":{"line":14,"column":39}},"3":{"start":{"line":17,"column":4},"end":{"line":19,"column":5}},"4":{"start":{"line":22,"column":0},"end":{"line":29,"column":1}},"5":{"start":{"line":31,"column":24},"end":{"line":36,"column":1}},"6":{"start":{"line":32,"column":29},"end":{"line":32,"column":34}},"7":{"start":{"line":33,"column":1},"end":{"line":35,"column":2}},"8":{"start":{"line":38,"column":27},"end":{"line":41,"column":1}},"9":{"start":{"line":39,"column":4},"end":{"line":40,"column":5}},"10":{"start":{"line":43,"column":28},"end":{"line":43,"column":107}}},"fnMap":{"0":{"name":"(anonymous_0)","decl":{"start":{"line":9,"column":30},"end":{"line":9,"column":31}},"loc":{"start":{"line":9,"column":79},"end":{"line":20,"column":1}},"line":9},"1":{"name":"(anonymous_1)","decl":{"start":{"line":31,"column":24},"end":{"line":31,"column":25}},"loc":{"start":{"line":31,"column":35},"end":{"line":36,"column":1}},"line":31},"2":{"name":"(anonymous_2)","decl":{"start":{"line":38,"column":27},"end":{"line":38,"column":28}},"loc":{"start":{"line":38,"column":41},"end":{"line":41,"column":1}},"line":38}},"branchMap":{"0":{"loc":{"start":{"line":12,"column":4},"end":{"line":15,"column":5}},"type":"if","locations":[{"start":{"line":12,"column":4},"end":{"line":15,"column":5}},{"start":{},"end":{}}],"line":12}},"s":{"0":1,"1":5,"2":4,"3":1,"4":1,"5":1,"6":5,"7":5,"8":1,"9":3,"10":1},"f":{"0":5,"1":5,"2":3},"b":{"0":[4,1]},"_coverageSchema":"1a1c01bbd47fc00a2c39e90264f33305004495a9","hash":"a635bce2b850d027ef9a63e549ba0cadf3e7b404"}
,"/Users/luismorenomarin/Documents/alphav2/src/shared/components/Button/index.js": {"path":"/Users/luismorenomarin/Documents/alphav2/src/shared/components/Button/index.js","statementMap":{"0":{"start":{"line":7,"column":22},"end":{"line":19,"column":1}},"1":{"start":{"line":9,"column":4},"end":{"line":18,"column":5}},"2":{"start":{"line":21,"column":0},"end":{"line":24,"column":1}}},"fnMap":{"0":{"name":"(anonymous_0)","decl":{"start":{"line":7,"column":22},"end":{"line":7,"column":23}},"loc":{"start":{"line":7,"column":33},"end":{"line":19,"column":1}},"line":7}},"branchMap":{},"s":{"0":7,"1":15,"2":7},"f":{"0":15},"b":{},"_coverageSchema":"1a1c01bbd47fc00a2c39e90264f33305004495a9","hash":"f4b72b6311c3802718827749f38001366e89c669"}
,"/Users/luismorenomarin/Documents/alphav2/src/shared/components/Title/index.js": {"path":"/Users/luismorenomarin/Documents/alphav2/src/shared/components/Title/index.js","statementMap":{"0":{"start":{"line":8,"column":21},"end":{"line":15,"column":1}},"1":{"start":{"line":10,"column":4},"end":{"line":14,"column":5}},"2":{"start":{"line":17,"column":0},"end":{"line":19,"column":1}}},"fnMap":{"0":{"name":"(anonymous_0)","decl":{"start":{"line":8,"column":21},"end":{"line":8,"column":22}},"loc":{"start":{"line":8,"column":32},"end":{"line":15,"column":1}},"line":8}},"branchMap":{},"s":{"0":7,"1":18,"2":7},"f":{"0":18},"b":{},"_coverageSchema":"1a1c01bbd47fc00a2c39e90264f33305004495a9","hash":"bed4c64ee681682ead9cbb941ad0e6948594bb80"}
,"/Users/luismorenomarin/Documents/alphav2/src/shared/utils/test-utils.js": {"path":"/Users/luismorenomarin/Documents/alphav2/src/shared/utils/test-utils.js","statementMap":{"0":{"start":{"line":15,"column":15},"end":{"line":34,"column":1}},"1":{"start":{"line":23,"column":20},"end":{"line":31,"column":5}},"2":{"start":{"line":24,"column":8},"end":{"line":30,"column":9}},"3":{"start":{"line":33,"column":4},"end":{"line":33,"column":64}}},"fnMap":{"0":{"name":"(anonymous_0)","decl":{"start":{"line":15,"column":15},"end":{"line":15,"column":16}},"loc":{"start":{"line":22,"column":5},"end":{"line":34,"column":1}},"line":22},"1":{"name":"(anonymous_1)","decl":{"start":{"line":23,"column":20},"end":{"line":23,"column":21}},"loc":{"start":{"line":23,"column":38},"end":{"line":31,"column":5}},"line":23}},"branchMap":{"0":{"loc":{"start":{"line":17,"column":4},"end":{"line":21,"column":10}},"type":"default-arg","locations":[{"start":{"line":21,"column":8},"end":{"line":21,"column":10}}],"line":17},"1":{"loc":{"start":{"line":19,"column":8},"end":{"line":19,"column":84}},"type":"default-arg","locations":[{"start":{"line":19,"column":16},"end":{"line":19,"column":84}}],"line":19}},"s":{"0":10,"1":21,"2":21,"3":21},"f":{"0":21,"1":21},"b":{"0":[13],"1":[21]},"_coverageSchema":"1a1c01bbd47fc00a2c39e90264f33305004495a9","hash":"a23391eef30b4888b04ec8424e0e908555cdc072"}
}
