TN:
SF:src/layouts/app/Default/index.js
FN:12,(anonymous_0)
FN:37,(anonymous_1)
FN:42,(anonymous_2)
FNF:3
FNH:3
FNDA:1,(anonymous_0)
FNDA:1,(anonymous_1)
FNDA:1,(anonymous_2)
DA:12,1
DA:13,1
DA:33,1
DA:37,1
DA:38,1
DA:42,1
DA:43,1
DA:47,1
LF:8
LH:8
BRF:0
BRH:0
end_of_record
TN:
SF:src/layouts/app/components/NavBar/index.js
FN:16,(anonymous_0)
FN:18,(anonymous_1)
FN:31,(anonymous_2)
FN:44,(anonymous_3)
FN:51,(anonymous_4)
FN:53,(anonymous_5)
FNF:6
FNH:6
FNDA:6,(anonymous_0)
FNDA:1,(anonymous_1)
FNDA:1,(anonymous_2)
FNDA:6,(anonymous_3)
FNDA:5,(anonymous_4)
FNDA:1,(anonymous_5)
DA:16,2
DA:18,6
DA:19,1
DA:22,6
DA:31,1
DA:39,2
DA:44,2
DA:45,6
DA:46,6
DA:51,2
DA:52,5
DA:53,1
DA:57,2
LF:13
LH:13
BRDA:28,0,0,6
BRDA:28,0,1,2
BRF:2
BRH:2
end_of_record
TN:
SF:src/pages/Error/index.js
FN:14,(anonymous_0)
FN:37,(anonymous_1)
FN:42,(anonymous_2)
FNF:3
FNH:3
FNDA:1,(anonymous_0)
FNDA:1,(anonymous_1)
FNDA:1,(anonymous_2)
DA:14,1
DA:16,1
DA:34,1
DA:37,1
DA:38,1
DA:42,1
DA:43,1
LF:7
LH:7
BRF:0
BRH:0
end_of_record
TN:
SF:src/pages/First/index.js
FN:17,(anonymous_0)
FN:19,(anonymous_1)
FN:34,(anonymous_2)
FN:49,(anonymous_3)
FN:56,(anonymous_4)
FN:58,(anonymous_5)
FNF:6
FNH:6
FNDA:5,(anonymous_0)
FNDA:2,(anonymous_1)
FNDA:2,(anonymous_2)
FNDA:5,(anonymous_3)
FNDA:3,(anonymous_4)
FNDA:2,(anonymous_5)
DA:17,1
DA:19,5
DA:20,2
DA:23,5
DA:34,2
DA:44,1
DA:49,1
DA:50,5
DA:51,5
DA:56,1
DA:57,3
DA:58,2
LF:12
LH:12
BRDA:35,0,0,2
BRDA:35,0,1,3
BRF:2
BRH:2
end_of_record
TN:
SF:src/pages/Reserved/index.js
FN:17,(anonymous_0)
FN:19,(anonymous_1)
FN:56,(anonymous_2)
FN:63,(anonymous_3)
FN:65,(anonymous_4)
FNF:5
FNH:5
FNDA:10,(anonymous_0)
FNDA:3,(anonymous_1)
FNDA:10,(anonymous_2)
FNDA:3,(anonymous_3)
FNDA:4,(anonymous_4)
DA:17,1
DA:19,10
DA:20,3
DA:23,10
DA:51,1
DA:56,1
DA:57,10
DA:58,10
DA:63,1
DA:64,3
DA:65,4
LF:11
LH:11
BRDA:33,0,0,10
BRDA:33,0,1,4
BRDA:36,1,0,10
BRDA:36,1,1,4
BRDA:41,2,0,10
BRDA:41,2,1,6
BRF:6
BRH:6
end_of_record
TN:
SF:src/pages/Second/index.js
FN:14,(anonymous_0)
FN:37,(anonymous_1)
FN:42,(anonymous_2)
FNF:3
FNH:3
FNDA:1,(anonymous_0)
FNDA:1,(anonymous_1)
FNDA:1,(anonymous_2)
DA:14,1
DA:16,1
DA:34,1
DA:37,1
DA:38,1
DA:42,1
DA:43,1
LF:7
LH:7
BRF:0
BRH:0
end_of_record
TN:
SF:src/routes/components/BasicRoute/index.js
FN:10,(anonymous_0)
FN:25,(anonymous_1)
FN:30,(anonymous_2)
FNF:3
FNH:3
FNDA:3,(anonymous_0)
FNDA:3,(anonymous_1)
FNDA:3,(anonymous_2)
DA:10,1
DA:12,3
DA:17,1
DA:25,1
DA:26,3
DA:30,1
DA:31,3
DA:35,1
LF:8
LH:8
BRF:0
BRH:0
end_of_record
TN:
SF:src/routes/components/PrivateRoute/index.js
FN:9,(anonymous_0)
FN:31,(anonymous_1)
FN:38,(anonymous_2)
FNF:3
FNH:3
FNDA:5,(anonymous_0)
FNDA:5,(anonymous_1)
FNDA:3,(anonymous_2)
DA:9,1
DA:12,5
DA:14,4
DA:17,1
DA:22,1
DA:31,1
DA:32,5
DA:33,5
DA:38,1
DA:39,3
DA:43,1
LF:11
LH:11
BRDA:12,0,0,4
BRDA:12,0,1,1
BRF:2
BRH:2
end_of_record
TN:
SF:src/shared/components/Button/index.js
FN:7,(anonymous_0)
FNF:1
FNH:1
FNDA:15,(anonymous_0)
DA:7,7
DA:9,15
DA:21,7
LF:3
LH:3
BRF:0
BRH:0
end_of_record
TN:
SF:src/shared/components/Title/index.js
FN:8,(anonymous_0)
FNF:1
FNH:1
FNDA:18,(anonymous_0)
DA:8,7
DA:10,18
DA:17,7
LF:3
LH:3
BRF:0
BRH:0
end_of_record
TN:
SF:src/shared/utils/test-utils.js
FN:15,(anonymous_0)
FN:23,(anonymous_1)
FNF:2
FNH:2
FNDA:21,(anonymous_0)
FNDA:21,(anonymous_1)
DA:15,10
DA:23,21
DA:24,21
DA:33,21
LF:4
LH:4
BRDA:17,0,0,13
BRDA:19,1,0,21
BRF:2
BRH:2
end_of_record
